2021-09-12 20:44:15 [main] INFO  c.m.d.t.t.k.s.TwitterToKafkaServiceApplication - Starting TwitterToKafkaServiceApplication using Java 14.0.1 on DESKTOP-B1S49NR with PID 10728 (C:\Users\gl_sa\Desktop\microservices-demo\twitter-to-kafka-service\target\classes started by gl_sa in C:\Users\gl_sa\Desktop\microservices-demo\twitter-to-kafka-service)
2021-09-12 20:44:15 [main] INFO  c.m.d.t.t.k.s.TwitterToKafkaServiceApplication - No active profile set, falling back to default profiles: default
2021-09-12 20:44:15 [main] INFO  c.m.d.t.t.k.s.TwitterToKafkaServiceApplication - Started TwitterToKafkaServiceApplication in 1.024 seconds (JVM running for 1.503)
2021-09-12 20:44:15 [main] INFO  c.m.d.t.t.k.s.TwitterToKafkaServiceApplication - App starts.....
2021-09-12 20:44:15 [main] INFO  o.s.b.a.l.ConditionEvaluationReportLoggingListener - 

Error starting ApplicationContext. To display the conditions report re-run your application with 'debug' enabled.
2021-09-12 20:44:15 [main] ERROR o.s.boot.SpringApplication - Application run failed
java.lang.IllegalStateException: Failed to execute CommandLineRunner
	at org.springframework.boot.SpringApplication.callRunner(SpringApplication.java:794)
	at org.springframework.boot.SpringApplication.callRunners(SpringApplication.java:775)
	at org.springframework.boot.SpringApplication.run(SpringApplication.java:345)
	at org.springframework.boot.SpringApplication.run(SpringApplication.java:1343)
	at org.springframework.boot.SpringApplication.run(SpringApplication.java:1332)
	at com.microservices.demo.twitter.to.kafka.service.TwitterToKafkaServiceApplication.main(TwitterToKafkaServiceApplication.java:31)
Caused by: java.lang.NullPointerException: Cannot invoke "java.util.List.toArray(Object[])" because the return value of "com.microservices.demo.config.TwitterToKafkaServiceConfigData.getTwitterKeywords()" is null
	at com.microservices.demo.twitter.to.kafka.service.TwitterToKafkaServiceApplication.run(TwitterToKafkaServiceApplication.java:37)
	at org.springframework.boot.SpringApplication.callRunner(SpringApplication.java:791)
	... 5 common frames omitted
2021-09-12 20:54:44 [main] INFO  c.m.d.t.t.k.s.TwitterToKafkaServiceApplication - Starting TwitterToKafkaServiceApplication using Java 14.0.1 on DESKTOP-B1S49NR with PID 17584 (C:\Users\gl_sa\Desktop\microservices-demo\twitter-to-kafka-service\target\classes started by gl_sa in C:\Users\gl_sa\Desktop\microservices-demo\twitter-to-kafka-service)
2021-09-12 20:54:44 [main] INFO  c.m.d.t.t.k.s.TwitterToKafkaServiceApplication - No active profile set, falling back to default profiles: default
2021-09-12 20:54:44 [main] INFO  c.m.d.t.t.k.s.TwitterToKafkaServiceApplication - Started TwitterToKafkaServiceApplication in 1.039 seconds (JVM running for 1.473)
2021-09-12 20:54:44 [main] INFO  c.m.d.t.t.k.s.TwitterToKafkaServiceApplication - App starts.....
2021-09-12 20:54:44 [main] INFO  o.s.b.a.l.ConditionEvaluationReportLoggingListener - 

Error starting ApplicationContext. To display the conditions report re-run your application with 'debug' enabled.
2021-09-12 20:54:44 [main] ERROR o.s.boot.SpringApplication - Application run failed
java.lang.IllegalStateException: Failed to execute CommandLineRunner
	at org.springframework.boot.SpringApplication.callRunner(SpringApplication.java:794)
	at org.springframework.boot.SpringApplication.callRunners(SpringApplication.java:775)
	at org.springframework.boot.SpringApplication.run(SpringApplication.java:345)
	at org.springframework.boot.SpringApplication.run(SpringApplication.java:1343)
	at org.springframework.boot.SpringApplication.run(SpringApplication.java:1332)
	at com.microservices.demo.twitter.to.kafka.service.TwitterToKafkaServiceApplication.main(TwitterToKafkaServiceApplication.java:31)
Caused by: java.lang.NullPointerException: Cannot invoke "java.util.List.toArray(Object[])" because the return value of "com.microservices.demo.config.TwitterToKafkaServiceConfigData.getTwitterKeywords()" is null
	at com.microservices.demo.twitter.to.kafka.service.TwitterToKafkaServiceApplication.run(TwitterToKafkaServiceApplication.java:37)
	at org.springframework.boot.SpringApplication.callRunner(SpringApplication.java:791)
	... 5 common frames omitted
2021-09-12 20:55:41 [main] INFO  c.m.d.t.t.k.s.TwitterToKafkaServiceApplication - Starting TwitterToKafkaServiceApplication using Java 14.0.1 on DESKTOP-B1S49NR with PID 6612 (C:\Users\gl_sa\Desktop\microservices-demo\twitter-to-kafka-service\target\classes started by gl_sa in C:\Users\gl_sa\Desktop\microservices-demo\twitter-to-kafka-service)
2021-09-12 20:55:41 [main] INFO  c.m.d.t.t.k.s.TwitterToKafkaServiceApplication - No active profile set, falling back to default profiles: default
2021-09-12 20:55:41 [main] INFO  c.m.d.t.t.k.s.TwitterToKafkaServiceApplication - Started TwitterToKafkaServiceApplication in 0.901 seconds (JVM running for 1.335)
2021-09-12 20:55:41 [main] INFO  c.m.d.t.t.k.s.TwitterToKafkaServiceApplication - App starts.....
2021-09-12 20:55:41 [main] INFO  o.s.b.a.l.ConditionEvaluationReportLoggingListener - 

Error starting ApplicationContext. To display the conditions report re-run your application with 'debug' enabled.
2021-09-12 20:55:41 [main] ERROR o.s.boot.SpringApplication - Application run failed
java.lang.IllegalStateException: Failed to execute CommandLineRunner
	at org.springframework.boot.SpringApplication.callRunner(SpringApplication.java:794)
	at org.springframework.boot.SpringApplication.callRunners(SpringApplication.java:775)
	at org.springframework.boot.SpringApplication.run(SpringApplication.java:345)
	at org.springframework.boot.SpringApplication.run(SpringApplication.java:1343)
	at org.springframework.boot.SpringApplication.run(SpringApplication.java:1332)
	at com.microservices.demo.twitter.to.kafka.service.TwitterToKafkaServiceApplication.main(TwitterToKafkaServiceApplication.java:31)
Caused by: java.lang.NullPointerException: Cannot invoke "java.util.List.toArray(Object[])" because the return value of "com.microservices.demo.config.TwitterToKafkaServiceConfigData.getTwitterKeywords()" is null
	at com.microservices.demo.twitter.to.kafka.service.TwitterToKafkaServiceApplication.run(TwitterToKafkaServiceApplication.java:37)
	at org.springframework.boot.SpringApplication.callRunner(SpringApplication.java:791)
	... 5 common frames omitted
2021-09-12 20:56:02 [main] INFO  c.m.d.t.t.k.s.TwitterToKafkaServiceApplication - Starting TwitterToKafkaServiceApplication using Java 14.0.1 on DESKTOP-B1S49NR with PID 9828 (C:\Users\gl_sa\Desktop\microservices-demo\twitter-to-kafka-service\target\classes started by gl_sa in C:\Users\gl_sa\Desktop\microservices-demo\twitter-to-kafka-service)
2021-09-12 20:56:02 [main] INFO  c.m.d.t.t.k.s.TwitterToKafkaServiceApplication - No active profile set, falling back to default profiles: default
2021-09-12 20:56:02 [main] INFO  c.m.d.t.t.k.s.TwitterToKafkaServiceApplication - Started TwitterToKafkaServiceApplication in 0.918 seconds (JVM running for 1.369)
2021-09-12 20:56:02 [main] INFO  c.m.d.t.t.k.s.TwitterToKafkaServiceApplication - App starts.....
2021-09-12 20:56:02 [main] INFO  o.s.b.a.l.ConditionEvaluationReportLoggingListener - 

Error starting ApplicationContext. To display the conditions report re-run your application with 'debug' enabled.
2021-09-12 20:56:02 [main] ERROR o.s.boot.SpringApplication - Application run failed
java.lang.IllegalStateException: Failed to execute CommandLineRunner
	at org.springframework.boot.SpringApplication.callRunner(SpringApplication.java:794)
	at org.springframework.boot.SpringApplication.callRunners(SpringApplication.java:775)
	at org.springframework.boot.SpringApplication.run(SpringApplication.java:345)
	at org.springframework.boot.SpringApplication.run(SpringApplication.java:1343)
	at org.springframework.boot.SpringApplication.run(SpringApplication.java:1332)
	at com.microservices.demo.twitter.to.kafka.service.TwitterToKafkaServiceApplication.main(TwitterToKafkaServiceApplication.java:31)
Caused by: java.lang.NullPointerException: Cannot invoke "java.util.List.toArray(Object[])" because the return value of "com.microservices.demo.config.TwitterToKafkaServiceConfigData.getTwitterKeywords()" is null
	at com.microservices.demo.twitter.to.kafka.service.TwitterToKafkaServiceApplication.run(TwitterToKafkaServiceApplication.java:37)
	at org.springframework.boot.SpringApplication.callRunner(SpringApplication.java:791)
	... 5 common frames omitted
2021-09-12 20:56:19 [main] INFO  c.m.d.t.t.k.s.TwitterToKafkaServiceApplication - Starting TwitterToKafkaServiceApplication using Java 14.0.1 on DESKTOP-B1S49NR with PID 5752 (C:\Users\gl_sa\Desktop\microservices-demo\twitter-to-kafka-service\target\classes started by gl_sa in C:\Users\gl_sa\Desktop\microservices-demo\twitter-to-kafka-service)
2021-09-12 20:56:19 [main] INFO  c.m.d.t.t.k.s.TwitterToKafkaServiceApplication - No active profile set, falling back to default profiles: default
2021-09-12 20:56:20 [main] INFO  c.m.d.t.t.k.s.TwitterToKafkaServiceApplication - Started TwitterToKafkaServiceApplication in 0.886 seconds (JVM running for 1.314)
2021-09-12 20:56:20 [main] INFO  c.m.d.t.t.k.s.TwitterToKafkaServiceApplication - App starts.....
2021-09-12 20:56:20 [main] INFO  o.s.b.a.l.ConditionEvaluationReportLoggingListener - 

Error starting ApplicationContext. To display the conditions report re-run your application with 'debug' enabled.
2021-09-12 20:56:20 [main] ERROR o.s.boot.SpringApplication - Application run failed
java.lang.IllegalStateException: Failed to execute CommandLineRunner
	at org.springframework.boot.SpringApplication.callRunner(SpringApplication.java:794)
	at org.springframework.boot.SpringApplication.callRunners(SpringApplication.java:775)
	at org.springframework.boot.SpringApplication.run(SpringApplication.java:345)
	at org.springframework.boot.SpringApplication.run(SpringApplication.java:1343)
	at org.springframework.boot.SpringApplication.run(SpringApplication.java:1332)
	at com.microservices.demo.twitter.to.kafka.service.TwitterToKafkaServiceApplication.main(TwitterToKafkaServiceApplication.java:31)
Caused by: java.lang.NullPointerException: Cannot invoke "java.util.List.toArray(Object[])" because the return value of "com.microservices.demo.config.TwitterToKafkaServiceConfigData.getTwitterKeywords()" is null
	at com.microservices.demo.twitter.to.kafka.service.TwitterToKafkaServiceApplication.run(TwitterToKafkaServiceApplication.java:37)
	at org.springframework.boot.SpringApplication.callRunner(SpringApplication.java:791)
	... 5 common frames omitted
2021-09-12 20:56:31 [main] INFO  c.m.d.t.t.k.s.TwitterToKafkaServiceApplication - Starting TwitterToKafkaServiceApplication using Java 14.0.1 on DESKTOP-B1S49NR with PID 19668 (C:\Users\gl_sa\Desktop\microservices-demo\twitter-to-kafka-service\target\classes started by gl_sa in C:\Users\gl_sa\Desktop\microservices-demo\twitter-to-kafka-service)
2021-09-12 20:56:31 [main] INFO  c.m.d.t.t.k.s.TwitterToKafkaServiceApplication - No active profile set, falling back to default profiles: default
2021-09-12 20:56:31 [main] INFO  c.m.d.t.t.k.s.TwitterToKafkaServiceApplication - Started TwitterToKafkaServiceApplication in 0.891 seconds (JVM running for 1.343)
2021-09-12 20:56:31 [main] INFO  c.m.d.t.t.k.s.TwitterToKafkaServiceApplication - App starts.....
2021-09-12 20:56:31 [main] INFO  o.s.b.a.l.ConditionEvaluationReportLoggingListener - 

Error starting ApplicationContext. To display the conditions report re-run your application with 'debug' enabled.
2021-09-12 20:56:31 [main] ERROR o.s.boot.SpringApplication - Application run failed
java.lang.IllegalStateException: Failed to execute CommandLineRunner
	at org.springframework.boot.SpringApplication.callRunner(SpringApplication.java:794)
	at org.springframework.boot.SpringApplication.callRunners(SpringApplication.java:775)
	at org.springframework.boot.SpringApplication.run(SpringApplication.java:345)
	at org.springframework.boot.SpringApplication.run(SpringApplication.java:1343)
	at org.springframework.boot.SpringApplication.run(SpringApplication.java:1332)
	at com.microservices.demo.twitter.to.kafka.service.TwitterToKafkaServiceApplication.main(TwitterToKafkaServiceApplication.java:31)
Caused by: java.lang.NullPointerException: Cannot invoke "java.util.List.toArray(Object[])" because the return value of "com.microservices.demo.config.TwitterToKafkaServiceConfigData.getTwitterKeywords()" is null
	at com.microservices.demo.twitter.to.kafka.service.TwitterToKafkaServiceApplication.run(TwitterToKafkaServiceApplication.java:37)
	at org.springframework.boot.SpringApplication.callRunner(SpringApplication.java:791)
	... 5 common frames omitted
2021-09-12 20:56:56 [main] INFO  c.m.d.t.t.k.s.TwitterToKafkaServiceApplication - Starting TwitterToKafkaServiceApplication using Java 14.0.1 on DESKTOP-B1S49NR with PID 20428 (C:\Users\gl_sa\Desktop\microservices-demo\twitter-to-kafka-service\target\classes started by gl_sa in C:\Users\gl_sa\Desktop\microservices-demo\twitter-to-kafka-service)
2021-09-12 20:56:56 [main] INFO  c.m.d.t.t.k.s.TwitterToKafkaServiceApplication - No active profile set, falling back to default profiles: default
2021-09-12 20:56:56 [main] INFO  c.m.d.t.t.k.s.TwitterToKafkaServiceApplication - Started TwitterToKafkaServiceApplication in 0.896 seconds (JVM running for 1.344)
2021-09-12 20:56:56 [main] INFO  c.m.d.t.t.k.s.TwitterToKafkaServiceApplication - App starts.....
2021-09-12 20:56:56 [main] INFO  c.m.d.t.t.k.s.TwitterToKafkaServiceApplication - [-Java -Microservices -Kafka -Elasticsearch]
2021-09-12 20:56:56 [main] INFO  c.m.d.t.t.k.s.TwitterToKafkaServiceApplication - -Hello User
2021-09-12 20:56:56 [Twitter Stream consumer /  [1][initializing]] INFO  twitter4j.TwitterStreamImpl - Establishing connection.
2021-09-12 20:56:56 [main] INFO  c.m.d.t.t.k.s.r.i.TwitterKafkaStreamRunner - Started filtering twitter stream for keywords [-Java -Microservices -Kafka -Elasticsearch]
2021-09-12 20:57:20 [main] INFO  c.m.d.t.t.k.s.TwitterToKafkaServiceApplication - Starting TwitterToKafkaServiceApplication using Java 14.0.1 on DESKTOP-B1S49NR with PID 19732 (C:\Users\gl_sa\Desktop\microservices-demo\twitter-to-kafka-service\target\classes started by gl_sa in C:\Users\gl_sa\Desktop\microservices-demo\twitter-to-kafka-service)
2021-09-12 20:57:20 [main] INFO  c.m.d.t.t.k.s.TwitterToKafkaServiceApplication - No active profile set, falling back to default profiles: default
2021-09-12 20:57:20 [main] INFO  c.m.d.t.t.k.s.TwitterToKafkaServiceApplication - Started TwitterToKafkaServiceApplication in 0.928 seconds (JVM running for 1.363)
2021-09-12 20:57:20 [main] INFO  c.m.d.t.t.k.s.TwitterToKafkaServiceApplication - App starts.....
2021-09-12 20:57:20 [main] INFO  c.m.d.t.t.k.s.TwitterToKafkaServiceApplication - [Java, Microservices, Kafka, Elasticsearch]
2021-09-12 20:57:20 [main] INFO  c.m.d.t.t.k.s.TwitterToKafkaServiceApplication - -Hello User
2021-09-12 20:57:20 [Twitter Stream consumer /  [1][initializing]] INFO  twitter4j.TwitterStreamImpl - Establishing connection.
2021-09-12 20:57:20 [main] INFO  c.m.d.t.t.k.s.r.i.TwitterKafkaStreamRunner - Started filtering twitter stream for keywords [Java, Microservices, Kafka, Elasticsearch]
2021-09-12 20:57:23 [Twitter Stream consumer /  [1][Establishing connection]] INFO  twitter4j.TwitterStreamImpl - Connection established.
2021-09-12 20:57:23 [Twitter Stream consumer /  [1][Establishing connection]] INFO  twitter4j.TwitterStreamImpl - Receiving status stream.
2021-09-12 20:57:23 [Twitter4J Async Dispatcher[0]] INFO  c.m.d.t.t.k.s.l.TwitterKafkaStatusListener - Twitter status with text 👇👇👇 progamador java https://t.co/oTF0cPQ6ZO
2021-09-12 20:57:25 [Twitter4J Async Dispatcher[0]] INFO  c.m.d.t.t.k.s.l.TwitterKafkaStatusListener - Twitter status with text About java languages https://t.co/CctUeLyRKy
2021-09-12 20:57:31 [Twitter4J Async Dispatcher[0]] INFO  c.m.d.t.t.k.s.l.TwitterKafkaStatusListener - Twitter status with text Want to land a job like "Full Stack Java Specialist (Virtual)" at Deloitte? Applicant tracking systems look for specific keywords. Use the right keywords and get your resume in front of the hiring manager. #IT #SanAntonio, TX
2021-09-12 20:57:36 [Twitter4J Async Dispatcher[0]] INFO  c.m.d.t.t.k.s.l.TwitterKafkaStatusListener - Twitter status with text RT @sayalook: #Windows  update issue!

#AI #Linux #algorithm #programmers #software #programming #DEVCommunity #programmer #CodeNewbies #co…
2021-09-12 20:57:36 [Twitter4J Async Dispatcher[0]] INFO  c.m.d.t.t.k.s.l.TwitterKafkaStatusListener - Twitter status with text RT @sayalook: After that no reply!

#Algorithm

#AI #Linux #programmers #programming #DEVCommunity #programmer #CodeNewbies #coder #webdeve…
